\BOOKMARK [0][-]{section*.1}{\376\377\146\370\124\015\230\001}{}% 1
\BOOKMARK [0][-]{section*.2}{\376\377\212\326\145\207\123\343\212\146\131\324\124\341\133\351\133\232\146\370}{}% 2
\BOOKMARK [0][-]{section*.3}{\376\377\143\210\153\012\146\370}{}% 3
\BOOKMARK [0][-]{section*.4}{\376\377\116\055\145\207\144\130\211\201}{}% 4
\BOOKMARK [0][-]{section*.5}{\376\377\202\361\145\207\144\130\211\201}{}% 5
\BOOKMARK [0][-]{section*.7}{\376\377\212\214\213\035}{}% 6
\BOOKMARK [0][-]{section*.8}{\376\377\166\356\223\004}{}% 7
\BOOKMARK [0][-]{section*.10}{\376\377\210\150\166\356\223\004}{}% 8
\BOOKMARK [0][-]{section*.12}{\376\377\127\026\166\356\223\004}{}% 9
\BOOKMARK [0][-]{chapter.1}{\376\377\175\322\212\326}{}% 10
\BOOKMARK [1][-]{section.1.1}{\376\377\000L\000a\000T\000e\000X\000\040\127\372\147\054\171\072\173\304}{chapter.1}% 11
\BOOKMARK [1][-]{section.1.2}{\376\377\143\322\121\145\210\150\150\074}{chapter.1}% 12
\BOOKMARK [1][-]{section.1.3}{\376\377\143\322\121\145\127\026\152\224}{chapter.1}% 13
\BOOKMARK [1][-]{section.1.4}{\376\377\172\013\137\017\170\274\122\027\210\150}{chapter.1}% 14
\BOOKMARK [1][-]{section.1.5}{\376\377\143\322\121\145\123\303\200\003\145\207\163\173\175\350\206\137}{chapter.1}% 15
\BOOKMARK [0][-]{chapter.2}{\376\377\145\170\133\170\137\017\133\120}{}% 16
\BOOKMARK [0][-]{chapter.3}{\376\377\227\140\201\352\135\361\231\012\142\020\166\204\131\175\177\322\141\143}{}% 17
\BOOKMARK [0][-]{chapter.4}{\376\377\121\103\146\172\131\047\133\170\212\326\145\207\150\074\137\017\211\217\173\304}{}% 18
\BOOKMARK [1][-]{section.4.1}{\376\377\211\217\150\074\212\252\146\016}{chapter.4}% 19
\BOOKMARK [1][-]{section.4.2}{\376\377\144\315\117\134\175\060\122\107}{chapter.4}% 20
\BOOKMARK [0][-]{chapter.5}{\376\377\121\151\173\307\167\355\145\207}{}% 21
\BOOKMARK [1][-]{section.5.1}{\376\377\123\127\152\153\116\012\166\204\143\115\210\133\142\060\213\146\040\024\225\273\232\112}{chapter.5}% 22
\BOOKMARK [2][-]{subsection.5.1.1}{\376\377\166\174\165\037\116\206\116\300\236\274\116\213\000?}{section.5.1}% 23
\BOOKMARK [2][-]{subsection.5.1.2}{\376\377\117\356\216\312\145\271\154\325}{section.5.1}% 24
\BOOKMARK [2][-]{subsection.5.1.3}{\376\377\123\346\116\000\230\005\200\003\232\127}{section.5.1}% 25
\BOOKMARK [1][-]{section.5.2}{\376\377\147\357\147\227\230\023\166\204\131\051\212\205\144\244\145\066\212\326\040\024\225\273\232\112}{chapter.5}% 26
\BOOKMARK [0][-]{section*.14}{\376\377\123\303\200\003\145\207\163\173}{}% 27
\BOOKMARK [0][-]{section*.17}{\376\377\226\104\223\004\000\040\000A\000:\000\040\000M\000A\000T\000L\000A\000B\000\040\000/\000\040\000O\000c\000t\000a\000v\000e\000\040\172\013\137\017\122\027\210\150}{}% 28
\BOOKMARK [0][-]{section*.19}{\376\377\201\352\120\263}{}% 29
