\BOOKMARK [0][-]{section*.1}{Cover}{}% 1
\BOOKMARK [0][-]{section*.2}{Cover}{}% 2
\BOOKMARK [0][-]{section*.3}{Document\040of\040oral\040presentation\040-\040Chinese}{}% 3
\BOOKMARK [0][-]{section*.4}{Document\040of\040oral\040presentation\040-\040English}{}% 4
\BOOKMARK [0][-]{section*.5}{Abstract}{}% 5
\BOOKMARK [0][-]{section*.6}{Abstract}{}% 6
\BOOKMARK [0][-]{section*.7}{Acknowledgments}{}% 7
\BOOKMARK [0][-]{section*.8}{Acknowledgments}{}% 8
\BOOKMARK [0][-]{section*.9}{Table\040of\040Contents}{}% 9
\BOOKMARK [0][-]{chapter*.12}{List\040of\040Tables}{}% 10
\BOOKMARK [0][-]{chapter*.14}{List\040of\040Figures}{}% 11
\BOOKMARK [0][-]{chapter.1}{Chapter\0401.\040Introduction}{}% 12
\BOOKMARK [1][-]{section.1.1}{Previous\040Works}{chapter.1}% 13
\BOOKMARK [1][-]{section.1.2}{Our\040Contributions}{chapter.1}% 14
\BOOKMARK [0][-]{chapter.2}{Chapter\0402.\040Problem\040Formulation}{}% 15
\BOOKMARK [0][-]{chapter.3}{Chapter\0403.\040Constraints\040and\040Terminologies}{}% 16
\BOOKMARK [0][-]{chapter.4}{Chapter\0404.\040Algorithm}{}% 17
\BOOKMARK [1][-]{section.4.1}{Modified\040Prim's\040Algorithm}{chapter.4}% 18
\BOOKMARK [1][-]{section.4.2}{Segment\040Creation}{chapter.4}% 19
\BOOKMARK [1][-]{section.4.3}{Bus\040Ordering\040and\040Coordinate\040Determination}{chapter.4}% 20
\BOOKMARK [2][-]{subsection.4.3.1}{Bus\040Ordering}{section.4.3}% 21
\BOOKMARK [2][-]{subsection.4.3.2}{Coordinate\040Determination}{section.4.3}% 22
\BOOKMARK [1][-]{section.4.4}{Wirelength\040Reduction}{chapter.4}% 23
\BOOKMARK [2][-]{subsection.4.4.1}{Overlap\040Minimization}{section.4.4}% 24
\BOOKMARK [2][-]{subsection.4.4.2}{Coordinate\040Adjustment}{section.4.4}% 25
\BOOKMARK [1][-]{section.4.5}{Layer\040Assignment}{chapter.4}% 26
\BOOKMARK [1][-]{section.4.6}{Orientation\040Determination\040and\040Deviation\040Minimization}{chapter.4}% 27
\BOOKMARK [2][-]{subsection.4.6.1}{Deviation\040Minimization\040with\040Lookup\040Table\040Method}{section.4.6}% 28
\BOOKMARK [2][-]{subsection.4.6.2}{Fast\040Deviation\040Update\040Based\040on\040Topology\040Comparison}{section.4.6}% 29
\BOOKMARK [1][-]{section.4.7}{Soft\040Module\040Adjustment}{chapter.4}% 30
\BOOKMARK [0][-]{chapter.5}{Chapter\0405.\040Experimental\040results}{}% 31
\BOOKMARK [1][-]{section.5.1}{Experiments\040on\040Regular\040Testcases\040for\040Ma08\040and\040PH10}{chapter.5}% 32
\BOOKMARK [1][-]{section.5.2}{The\040Comparison\040Between\040PH10\040and\040This\040Work}{chapter.5}% 33
\BOOKMARK [1][-]{section.5.3}{The\040Comparison\040Between\040Modified\040PH10\040and\040This\040Work}{chapter.5}% 34
\BOOKMARK [1][-]{section.5.4}{Experiments\040on\040Larger\040Testcases\040for\040PH10\040and\040This\040Work}{chapter.5}% 35
\BOOKMARK [0][-]{chapter.6}{Chapter\0406.\040Conclusions}{}% 36
\BOOKMARK [0][-]{section*.15}{Appendix}{}% 37
\BOOKMARK [0][-]{appendix.A}{Appendix\040A.\040Appendix\040Chap.\0401}{}% 38
\BOOKMARK [1][-]{section.A.1}{Appendix\040First}{appendix.A}% 39
\BOOKMARK [1][-]{section.A.2}{Appendix\040Second}{appendix.A}% 40
\BOOKMARK [0][-]{appendix.B}{Appendix\040B.\040Appendix\040Chap.\0402}{}% 41
\BOOKMARK [1][-]{section.B.1}{Appendix\040First}{appendix.B}% 42
\BOOKMARK [1][-]{section.B.2}{Appendix\040Second}{appendix.B}% 43
\BOOKMARK [0][-]{section*.18}{References}{}% 44
